<?xml version="1.0" encoding="UTF-8"?>
<TestRun id="ae34b24e-080e-4be4-9db0-6e501c5ed144" name="IVAKRUPA@IV05Q000JN 2019-01-15 12:06:39" runUser="CZNET\IVAKRUPA" xmlns="http://microsoft.com/schemas/VisualStudio/TeamTest/2010">
  <Times creation="2019-01-15T12:06:39.3512245+01:00" queuing="2019-01-15T12:06:39.3512245+01:00" start="2019-01-15T12:06:36.8892587+01:00" finish="2019-01-15T12:06:41.3405171+01:00" />
  <TestSettings name="default" id="b9c6d835-1a7f-4f0f-9e0e-edaa4c51e02f">
    <Execution>
      <TestTypeSpecific />
    </Execution>
    <Deployment runDeploymentRoot="IVAKRUPA_IV05Q000JN 2019-01-15 12_06_39" />
    <Properties />
  </TestSettings>
  <Results>
    <UnitTestResult executionId="6b8f145c-40d4-409d-add4-50ba38b4bc22" testId="42d6fd3c-0bed-e5c0-25f8-dbd17516e7ec" testName="Export_OneLine_CorrectlyExported" computerName="IV05Q000JN" duration="00:00:00.8708795" startTime="2019-01-15T12:06:36.8892587+01:00" endTime="2019-01-15T12:06:39.1857833+01:00" testType="13cdc9d9-ddb5-4fa4-a97d-d965ccfc6d4b" outcome="Passed" testListId="8c84fa94-04c1-424b-9868-57a2d4851a1d" relativeResultsDirectory="6b8f145c-40d4-409d-add4-50ba38b4bc22" />
    <UnitTestResult executionId="b00be097-43a5-4395-afab-ae49cd92ce5f" testId="87ab6a24-2350-c6bb-d941-ec72a0698c69" testName="Export_OneCircle_CorrectlyExported" computerName="IV05Q000JN" duration="00:00:00.0084386" startTime="2019-01-15T12:06:39.2088452+01:00" endTime="2019-01-15T12:06:39.2268926+01:00" testType="13cdc9d9-ddb5-4fa4-a97d-d965ccfc6d4b" outcome="Passed" testListId="8c84fa94-04c1-424b-9868-57a2d4851a1d" relativeResultsDirectory="b00be097-43a5-4395-afab-ae49cd92ce5f" />
  </Results>
  <TestDefinitions>
    <UnitTest name="Export_OneLine_CorrectlyExported" storage="ng.optics.tests.dll" id="42d6fd3c-0bed-e5c0-25f8-dbd17516e7ec">
      <TestCategory>
        <TestCategoryItem TestCategory="DxfExportingTests" />
      </TestCategory>
      <Execution id="6b8f145c-40d4-409d-add4-50ba38b4bc22" />
      <TestMethod codeBase="NG.Optics.Tests.dll" adapterTypeName="Microsoft.VisualStudio.TestTools.TestTypes.Unit.UnitTestAdapter" className="Zeiss.IMT.NG.Optics.Tests.DxfExportTests" name="Export_OneLine_CorrectlyExported" />
    </UnitTest>
    <UnitTest name="Export_OneCircle_CorrectlyExported" storage="ng.optics.tests.dll" id="87ab6a24-2350-c6bb-d941-ec72a0698c69">
      <TestCategory>
        <TestCategoryItem TestCategory="DxfExportingTests" />
      </TestCategory>
      <Execution id="b00be097-43a5-4395-afab-ae49cd92ce5f" />
      <TestMethod codeBase="NG.Optics.Tests.dll" adapterTypeName="Microsoft.VisualStudio.TestTools.TestTypes.Unit.UnitTestAdapter" className="Zeiss.IMT.NG.Optics.Tests.DxfExportTests" name="Export_OneCircle_CorrectlyExported" />
    </UnitTest>
  </TestDefinitions>
  <TestEntries>
    <TestEntry testId="42d6fd3c-0bed-e5c0-25f8-dbd17516e7ec" executionId="6b8f145c-40d4-409d-add4-50ba38b4bc22" testListId="8c84fa94-04c1-424b-9868-57a2d4851a1d" />
    <TestEntry testId="87ab6a24-2350-c6bb-d941-ec72a0698c69" executionId="b00be097-43a5-4395-afab-ae49cd92ce5f" testListId="8c84fa94-04c1-424b-9868-57a2d4851a1d" />
  </TestEntries>
  <TestLists>
    <TestList name="Results Not in a List" id="8c84fa94-04c1-424b-9868-57a2d4851a1d" />
    <TestList name="All Loaded Results" id="19431567-8539-422a-85d7-44ee4e166bda" />
  </TestLists>
  <ResultSummary outcome="Completed">
    <Counters total="97" executed="97" passed="97" failed="0" error="0" timeout="0" aborted="0" inconclusive="0" passedButRunAborted="0" notRunnable="0" notExecuted="0" disconnected="0" warning="0" completed="0" inProgress="0" pending="0" />
    <RunInfos>
      <RunInfo computerName="IV05Q000JN" outcome="Warning" timestamp="2019-01-15T12:06:41.0768166+01:00">
        <Text>Warning: Test Run deployment issue: The assembly or module 'log4net' directly or indirectly referenced by the test container 'D:\Krupa\Eos\Feature\2.4\89870 DXF Export\NG.Optics\NG.Optics.Tests\obj\x64\Debug\ng.optics.tests.dll' was not found.</Text>
      </RunInfo>
      <RunInfo computerName="IV05Q000JN" outcome="Warning" timestamp="2019-01-15T12:06:41.0798257+01:00">
        <Text>Warning: Test Run deployment issue: The assembly or module 'System.Reactive.Core' directly or indirectly referenced by the test container 'D:\Krupa\Eos\Feature\2.4\89870 DXF Export\NG.Optics\NG.Optics.Tests\obj\x64\Debug\ng.optics.tests.dll' was not found.</Text>
      </RunInfo>
    </RunInfos>
  </ResultSummary>
</TestRun>